12:50:02: Creating resource group General
12:50:02: Creating resource group Internal
12:50:02: Creating resource group Autodetect
12:50:02: Registering ResourceManager for type Mesh
12:50:02: Registering ResourceManager for type Material
12:50:02: Registering ResourceManager for type Skeleton
12:50:02: XMLMeshSerializer reading mesh data from arachnid.xml...
12:50:02: Reading submeshes...
12:50:02: Reading geometry...
12:50:02: Geometry done...
12:50:02: Reading geometry...
12:50:02: Geometry done...
12:50:02: Reading geometry...
12:50:02: Geometry done...
12:50:02: Reading geometry...
12:50:02: Geometry done...
12:50:02: Reading geometry...
12:50:02: Geometry done...
12:50:02: Reading geometry...
12:50:02: Geometry done...
12:50:02: Reading geometry...
12:50:02: Geometry done...
12:50:02: Reading geometry...
12:50:02: Geometry done...
12:50:02: Reading geometry...
12:50:02: Geometry done...
12:50:02: Reading geometry...
12:50:02: Geometry done...
12:50:02: Reading geometry...
12:50:02: Geometry done...
12:50:02: Reading geometry...
12:50:02: Geometry done...
12:50:02: Reading geometry...
12:50:02: Geometry done...
12:50:02: Reading geometry...
12:50:02: Geometry done...
12:50:02: Reading geometry...
12:50:02: Geometry done...
12:50:02: Reading geometry...
12:50:02: Geometry done...
12:50:02: Reading geometry...
12:50:02: Geometry done...
12:50:02: Reading geometry...
12:50:02: Geometry done...
12:50:02: Reading geometry...
12:50:02: Geometry done...
12:50:02: Reading geometry...
12:50:02: Geometry done...
12:50:02: Reading geometry...
12:50:02: Geometry done...
12:50:02: Submeshes done.
12:50:02: XMLMeshSerializer import successful.
12:50:02: Reorganising vertex buffers to automatic layout..
12:50:02: MeshSerializer writing mesh data to stream ...
12:50:02: File header written.
12:50:02: Writing mesh data...
12:50:02: Writing submesh...
12:50:02: Exporting submesh texture aliases...
12:50:02: Submesh texture aliases exported.
12:50:02: Submesh exported.
12:50:02: Writing submesh...
12:50:02: Exporting submesh texture aliases...
12:50:02: Submesh texture aliases exported.
12:50:02: Submesh exported.
12:50:02: Writing submesh...
12:50:02: Exporting submesh texture aliases...
12:50:02: Submesh texture aliases exported.
12:50:02: Submesh exported.
12:50:02: Writing submesh...
12:50:02: Exporting submesh texture aliases...
12:50:02: Submesh texture aliases exported.
12:50:02: Submesh exported.
12:50:02: Writing submesh...
12:50:02: Exporting submesh texture aliases...
12:50:02: Submesh texture aliases exported.
12:50:02: Submesh exported.
12:50:02: Writing submesh...
12:50:02: Exporting submesh texture aliases...
12:50:02: Submesh texture aliases exported.
12:50:02: Submesh exported.
12:50:02: Writing submesh...
12:50:02: Exporting submesh texture aliases...
12:50:02: Submesh texture aliases exported.
12:50:02: Submesh exported.
12:50:02: Writing submesh...
12:50:02: Exporting submesh texture aliases...
12:50:02: Submesh texture aliases exported.
12:50:02: Submesh exported.
12:50:02: Writing submesh...
12:50:02: Exporting submesh texture aliases...
12:50:02: Submesh texture aliases exported.
12:50:02: Submesh exported.
12:50:02: Writing submesh...
12:50:02: Exporting submesh texture aliases...
12:50:02: Submesh texture aliases exported.
12:50:02: Submesh exported.
12:50:02: Writing submesh...
12:50:02: Exporting submesh texture aliases...
12:50:02: Submesh texture aliases exported.
12:50:02: Submesh exported.
12:50:02: Writing submesh...
12:50:02: Exporting submesh texture aliases...
12:50:02: Submesh texture aliases exported.
12:50:02: Submesh exported.
12:50:02: Writing submesh...
12:50:02: Exporting submesh texture aliases...
12:50:02: Submesh texture aliases exported.
12:50:02: Submesh exported.
12:50:02: Writing submesh...
12:50:02: Exporting submesh texture aliases...
12:50:02: Submesh texture aliases exported.
12:50:02: Submesh exported.
12:50:02: Writing submesh...
12:50:02: Exporting submesh texture aliases...
12:50:02: Submesh texture aliases exported.
12:50:02: Submesh exported.
12:50:02: Writing submesh...
12:50:02: Exporting submesh texture aliases...
12:50:02: Submesh texture aliases exported.
12:50:02: Submesh exported.
12:50:02: Writing submesh...
12:50:02: Exporting submesh texture aliases...
12:50:02: Submesh texture aliases exported.
12:50:02: Submesh exported.
12:50:02: Writing submesh...
12:50:02: Exporting submesh texture aliases...
12:50:02: Submesh texture aliases exported.
12:50:02: Submesh exported.
12:50:02: Writing submesh...
12:50:02: Exporting submesh texture aliases...
12:50:02: Submesh texture aliases exported.
12:50:02: Submesh exported.
12:50:02: Writing submesh...
12:50:02: Exporting submesh texture aliases...
12:50:02: Submesh texture aliases exported.
12:50:02: Submesh exported.
12:50:02: Writing submesh...
12:50:02: Exporting submesh texture aliases...
12:50:02: Submesh texture aliases exported.
12:50:02: Submesh exported.
12:50:02: Exporting bounds information....
12:50:02: Bounds information exported.
12:50:02: Exporting submesh name table...
12:50:02: Submesh name table exported.
12:50:02: Exporting edge lists...
12:50:02: Edge lists exported
12:50:02: Mesh data exported.
12:50:02: MeshSerializer export successful.
12:50:02: Unregistering ResourceManager for type Skeleton
12:50:02: Unregistering ResourceManager for type Material
12:50:02: Unregistering ResourceManager for type Mesh
